2019-12-23 12:55:51,932 [5] ERROR login - btn_login_Click -140 
 System.Data.SqlClient.SqlException (0x80131904): The conversion of a varchar data type to a datetime data type resulted in an out-of-range value.
The statement has been terminated.
   at System.Data.SqlClient.SqlConnection.OnError(SqlException exception, Boolean breakConnection, Action`1 wrapCloseInAction)
   at System.Data.SqlClient.SqlInternalConnection.OnError(SqlException exception, Boolean breakConnection, Action`1 wrapCloseInAction)
   at System.Data.SqlClient.TdsParser.ThrowExceptionAndWarning(TdsParserStateObject stateObj, Boolean callerHasConnectionLock, Boolean asyncClose)
   at System.Data.SqlClient.TdsParser.TryRun(RunBehavior runBehavior, SqlCommand cmdHandler, SqlDataReader dataStream, BulkCopySimpleResultSet bulkCopyHandler, TdsParserStateObject stateObj, Boolean& dataReady)
   at System.Data.SqlClient.SqlCommand.RunExecuteNonQueryTds(String methodName, Boolean async, Int32 timeout, Boolean asyncWrite)
   at System.Data.SqlClient.SqlCommand.InternalExecuteNonQuery(TaskCompletionSource`1 completion, String methodName, Boolean sendToPipe, Int32 timeout, Boolean& usedCache, Boolean asyncWrite, Boolean inRetry)
   at System.Data.SqlClient.SqlCommand.ExecuteNonQuery()
   at login.btn_login_Click(Object sender, EventArgs e) in e:\CHETAN\CDFDashboardFinal(Bhagu)\CDF-Dashboard2017\login.aspx.cs:line 134
ClientConnectionId:e5828dfa-44dd-4fdd-99fd-21bbe583b576
Error Number:242,State:3,Class:16 
 
2019-12-23 14:08:54,957 [44] ERROR login - btn_login_Click -140 
 System.Data.SqlClient.SqlException (0x80131904): The conversion of a varchar data type to a datetime data type resulted in an out-of-range value.
The statement has been terminated.
   at System.Data.SqlClient.SqlConnection.OnError(SqlException exception, Boolean breakConnection, Action`1 wrapCloseInAction)
   at System.Data.SqlClient.SqlInternalConnection.OnError(SqlException exception, Boolean breakConnection, Action`1 wrapCloseInAction)
   at System.Data.SqlClient.TdsParser.ThrowExceptionAndWarning(TdsParserStateObject stateObj, Boolean callerHasConnectionLock, Boolean asyncClose)
   at System.Data.SqlClient.TdsParser.TryRun(RunBehavior runBehavior, SqlCommand cmdHandler, SqlDataReader dataStream, BulkCopySimpleResultSet bulkCopyHandler, TdsParserStateObject stateObj, Boolean& dataReady)
   at System.Data.SqlClient.SqlCommand.RunExecuteNonQueryTds(String methodName, Boolean async, Int32 timeout, Boolean asyncWrite)
   at System.Data.SqlClient.SqlCommand.InternalExecuteNonQuery(TaskCompletionSource`1 completion, String methodName, Boolean sendToPipe, Int32 timeout, Boolean& usedCache, Boolean asyncWrite, Boolean inRetry)
   at System.Data.SqlClient.SqlCommand.ExecuteNonQuery()
   at login.btn_login_Click(Object sender, EventArgs e) in e:\CHETAN\CDFDashboardFinal(Bhagu)\CDF-Dashboard2017\login.aspx.cs:line 134
ClientConnectionId:3cd95a4d-b34e-43da-a15b-aeb8635138ed
Error Number:242,State:3,Class:16 
 
2019-12-23 14:10:14,517 [44] ERROR logout - Page_Load -23 
 System.Data.SqlClient.SqlException (0x80131904): The conversion of a varchar data type to a datetime data type resulted in an out-of-range value.
The statement has been terminated.
   at db_context.ExecNonQuery(String s_query) in e:\CHETAN\CDFDashboardFinal(Bhagu)\CDF-Dashboard2017\App_Code\db_context.cs:line 131
   at logout.Page_Load(Object sender, EventArgs e) in e:\CHETAN\CDFDashboardFinal(Bhagu)\CDF-Dashboard2017\logout.aspx.cs:line 18
ClientConnectionId:3cd95a4d-b34e-43da-a15b-aeb8635138ed
Error Number:242,State:3,Class:16 
 
2019-12-23 14:10:19,446 [44] ERROR login - btn_login_Click -140 
 System.Data.SqlClient.SqlException (0x80131904): The conversion of a varchar data type to a datetime data type resulted in an out-of-range value.
The statement has been terminated.
   at System.Data.SqlClient.SqlConnection.OnError(SqlException exception, Boolean breakConnection, Action`1 wrapCloseInAction)
   at System.Data.SqlClient.SqlInternalConnection.OnError(SqlException exception, Boolean breakConnection, Action`1 wrapCloseInAction)
   at System.Data.SqlClient.TdsParser.ThrowExceptionAndWarning(TdsParserStateObject stateObj, Boolean callerHasConnectionLock, Boolean asyncClose)
   at System.Data.SqlClient.TdsParser.TryRun(RunBehavior runBehavior, SqlCommand cmdHandler, SqlDataReader dataStream, BulkCopySimpleResultSet bulkCopyHandler, TdsParserStateObject stateObj, Boolean& dataReady)
   at System.Data.SqlClient.SqlCommand.RunExecuteNonQueryTds(String methodName, Boolean async, Int32 timeout, Boolean asyncWrite)
   at System.Data.SqlClient.SqlCommand.InternalExecuteNonQuery(TaskCompletionSource`1 completion, String methodName, Boolean sendToPipe, Int32 timeout, Boolean& usedCache, Boolean asyncWrite, Boolean inRetry)
   at System.Data.SqlClient.SqlCommand.ExecuteNonQuery()
   at login.btn_login_Click(Object sender, EventArgs e) in e:\CHETAN\CDFDashboardFinal(Bhagu)\CDF-Dashboard2017\login.aspx.cs:line 134
ClientConnectionId:3cd95a4d-b34e-43da-a15b-aeb8635138ed
Error Number:242,State:3,Class:16 
 
2019-12-23 14:20:20,000 [62] ERROR ASP.global_asax - Session_End -82 
 System.Data.SqlClient.SqlException (0x80131904): The conversion of a varchar data type to a datetime data type resulted in an out-of-range value.
The statement has been terminated.
   at db_context.ExecNonQuery(String s_query) in e:\CHETAN\CDFDashboardFinal(Bhagu)\CDF-Dashboard2017\App_Code\db_context.cs:line 131
   at ASP.global_asax.Session_End(Object sender, EventArgs e) in e:\CHETAN\CDFDashboardFinal(Bhagu)\CDF-Dashboard2017\Global.asax:line 77
ClientConnectionId:3cd95a4d-b34e-43da-a15b-aeb8635138ed
Error Number:242,State:3,Class:16 
 
2019-12-23 14:20:47,240 [44] ERROR login - btn_login_Click -140 
 System.Data.SqlClient.SqlException (0x80131904): The conversion of a varchar data type to a datetime data type resulted in an out-of-range value.
The statement has been terminated.
   at System.Data.SqlClient.SqlConnection.OnError(SqlException exception, Boolean breakConnection, Action`1 wrapCloseInAction)
   at System.Data.SqlClient.SqlInternalConnection.OnError(SqlException exception, Boolean breakConnection, Action`1 wrapCloseInAction)
   at System.Data.SqlClient.TdsParser.ThrowExceptionAndWarning(TdsParserStateObject stateObj, Boolean callerHasConnectionLock, Boolean asyncClose)
   at System.Data.SqlClient.TdsParser.TryRun(RunBehavior runBehavior, SqlCommand cmdHandler, SqlDataReader dataStream, BulkCopySimpleResultSet bulkCopyHandler, TdsParserStateObject stateObj, Boolean& dataReady)
   at System.Data.SqlClient.SqlCommand.RunExecuteNonQueryTds(String methodName, Boolean async, Int32 timeout, Boolean asyncWrite)
   at System.Data.SqlClient.SqlCommand.InternalExecuteNonQuery(TaskCompletionSource`1 completion, String methodName, Boolean sendToPipe, Int32 timeout, Boolean& usedCache, Boolean asyncWrite, Boolean inRetry)
   at System.Data.SqlClient.SqlCommand.ExecuteNonQuery()
   at login.btn_login_Click(Object sender, EventArgs e) in e:\CHETAN\CDFDashboardFinal(Bhagu)\CDF-Dashboard2017\login.aspx.cs:line 134
ClientConnectionId:bc20a7ec-9f86-493a-be05-5a1e6f75c8b6
Error Number:242,State:3,Class:16 
 
2019-12-23 14:36:18,151 [44] ERROR logout - Page_Load -23 
 System.Data.SqlClient.SqlException (0x80131904): The conversion of a varchar data type to a datetime data type resulted in an out-of-range value.
The statement has been terminated.
   at db_context.ExecNonQuery(String s_query) in e:\CHETAN\CDFDashboardFinal(Bhagu)\CDF-Dashboard2017\App_Code\db_context.cs:line 131
   at logout.Page_Load(Object sender, EventArgs e) in e:\CHETAN\CDFDashboardFinal(Bhagu)\CDF-Dashboard2017\logout.aspx.cs:line 18
ClientConnectionId:bc20a7ec-9f86-493a-be05-5a1e6f75c8b6
Error Number:242,State:3,Class:16 
 
2019-12-23 14:36:33,615 [66] ERROR login - btn_login_Click -140 
 System.Data.SqlClient.SqlException (0x80131904): The conversion of a varchar data type to a datetime data type resulted in an out-of-range value.
The statement has been terminated.
   at System.Data.SqlClient.SqlConnection.OnError(SqlException exception, Boolean breakConnection, Action`1 wrapCloseInAction)
   at System.Data.SqlClient.SqlInternalConnection.OnError(SqlException exception, Boolean breakConnection, Action`1 wrapCloseInAction)
   at System.Data.SqlClient.TdsParser.ThrowExceptionAndWarning(TdsParserStateObject stateObj, Boolean callerHasConnectionLock, Boolean asyncClose)
   at System.Data.SqlClient.TdsParser.TryRun(RunBehavior runBehavior, SqlCommand cmdHandler, SqlDataReader dataStream, BulkCopySimpleResultSet bulkCopyHandler, TdsParserStateObject stateObj, Boolean& dataReady)
   at System.Data.SqlClient.SqlCommand.RunExecuteNonQueryTds(String methodName, Boolean async, Int32 timeout, Boolean asyncWrite)
   at System.Data.SqlClient.SqlCommand.InternalExecuteNonQuery(TaskCompletionSource`1 completion, String methodName, Boolean sendToPipe, Int32 timeout, Boolean& usedCache, Boolean asyncWrite, Boolean inRetry)
   at System.Data.SqlClient.SqlCommand.ExecuteNonQuery()
   at login.btn_login_Click(Object sender, EventArgs e) in e:\CHETAN\CDFDashboardFinal(Bhagu)\CDF-Dashboard2017\login.aspx.cs:line 134
ClientConnectionId:bc20a7ec-9f86-493a-be05-5a1e6f75c8b6
Error Number:242,State:3,Class:16 
 
2019-12-23 14:43:32,115 [66] ERROR logout - Page_Load -23 
 System.Data.SqlClient.SqlException (0x80131904): The conversion of a varchar data type to a datetime data type resulted in an out-of-range value.
The statement has been terminated.
   at db_context.ExecNonQuery(String s_query) in e:\CHETAN\CDFDashboardFinal(Bhagu)\CDF-Dashboard2017\App_Code\db_context.cs:line 131
   at logout.Page_Load(Object sender, EventArgs e) in e:\CHETAN\CDFDashboardFinal(Bhagu)\CDF-Dashboard2017\logout.aspx.cs:line 18
ClientConnectionId:bc20a7ec-9f86-493a-be05-5a1e6f75c8b6
Error Number:242,State:3,Class:16 
 
2019-12-23 14:43:47,452 [44] ERROR login - btn_login_Click -140 
 System.Data.SqlClient.SqlException (0x80131904): The conversion of a varchar data type to a datetime data type resulted in an out-of-range value.
The statement has been terminated.
   at System.Data.SqlClient.SqlConnection.OnError(SqlException exception, Boolean breakConnection, Action`1 wrapCloseInAction)
   at System.Data.SqlClient.SqlInternalConnection.OnError(SqlException exception, Boolean breakConnection, Action`1 wrapCloseInAction)
   at System.Data.SqlClient.TdsParser.ThrowExceptionAndWarning(TdsParserStateObject stateObj, Boolean callerHasConnectionLock, Boolean asyncClose)
   at System.Data.SqlClient.TdsParser.TryRun(RunBehavior runBehavior, SqlCommand cmdHandler, SqlDataReader dataStream, BulkCopySimpleResultSet bulkCopyHandler, TdsParserStateObject stateObj, Boolean& dataReady)
   at System.Data.SqlClient.SqlCommand.RunExecuteNonQueryTds(String methodName, Boolean async, Int32 timeout, Boolean asyncWrite)
   at System.Data.SqlClient.SqlCommand.InternalExecuteNonQuery(TaskCompletionSource`1 completion, String methodName, Boolean sendToPipe, Int32 timeout, Boolean& usedCache, Boolean asyncWrite, Boolean inRetry)
   at System.Data.SqlClient.SqlCommand.ExecuteNonQuery()
   at login.btn_login_Click(Object sender, EventArgs e) in e:\CHETAN\CDFDashboardFinal(Bhagu)\CDF-Dashboard2017\login.aspx.cs:line 134
ClientConnectionId:bc20a7ec-9f86-493a-be05-5a1e6f75c8b6
Error Number:242,State:3,Class:16 
 
2019-12-23 15:15:24,202 [64] ERROR login - btn_login_Click -140 
 System.Data.SqlClient.SqlException (0x80131904): The conversion of a varchar data type to a datetime data type resulted in an out-of-range value.
The statement has been terminated.
   at System.Data.SqlClient.SqlConnection.OnError(SqlException exception, Boolean breakConnection, Action`1 wrapCloseInAction)
   at System.Data.SqlClient.SqlInternalConnection.OnError(SqlException exception, Boolean breakConnection, Action`1 wrapCloseInAction)
   at System.Data.SqlClient.TdsParser.ThrowExceptionAndWarning(TdsParserStateObject stateObj, Boolean callerHasConnectionLock, Boolean asyncClose)
   at System.Data.SqlClient.TdsParser.TryRun(RunBehavior runBehavior, SqlCommand cmdHandler, SqlDataReader dataStream, BulkCopySimpleResultSet bulkCopyHandler, TdsParserStateObject stateObj, Boolean& dataReady)
   at System.Data.SqlClient.SqlCommand.RunExecuteNonQueryTds(String methodName, Boolean async, Int32 timeout, Boolean asyncWrite)
   at System.Data.SqlClient.SqlCommand.InternalExecuteNonQuery(TaskCompletionSource`1 completion, String methodName, Boolean sendToPipe, Int32 timeout, Boolean& usedCache, Boolean asyncWrite, Boolean inRetry)
   at System.Data.SqlClient.SqlCommand.ExecuteNonQuery()
   at login.btn_login_Click(Object sender, EventArgs e) in e:\CHETAN\CDFDashboardFinal(Bhagu)\CDF-Dashboard2017\login.aspx.cs:line 134
ClientConnectionId:74d50d29-410b-49b1-a4ab-b1adcf3c5f7f
Error Number:242,State:3,Class:16 
 
2019-12-23 15:18:58,601 [46] ERROR logout - Page_Load -23 
 System.Data.SqlClient.SqlException (0x80131904): The conversion of a varchar data type to a datetime data type resulted in an out-of-range value.
The statement has been terminated.
   at db_context.ExecNonQuery(String s_query) in e:\CHETAN\CDFDashboardFinal(Bhagu)\CDF-Dashboard2017\App_Code\db_context.cs:line 131
   at logout.Page_Load(Object sender, EventArgs e) in e:\CHETAN\CDFDashboardFinal(Bhagu)\CDF-Dashboard2017\logout.aspx.cs:line 18
ClientConnectionId:74d50d29-410b-49b1-a4ab-b1adcf3c5f7f
Error Number:242,State:3,Class:16 
 
2019-12-23 15:19:17,941 [46] ERROR login - btn_login_Click -140 
 System.Data.SqlClient.SqlException (0x80131904): The conversion of a varchar data type to a datetime data type resulted in an out-of-range value.
The statement has been terminated.
   at System.Data.SqlClient.SqlConnection.OnError(SqlException exception, Boolean breakConnection, Action`1 wrapCloseInAction)
   at System.Data.SqlClient.SqlInternalConnection.OnError(SqlException exception, Boolean breakConnection, Action`1 wrapCloseInAction)
   at System.Data.SqlClient.TdsParser.ThrowExceptionAndWarning(TdsParserStateObject stateObj, Boolean callerHasConnectionLock, Boolean asyncClose)
   at System.Data.SqlClient.TdsParser.TryRun(RunBehavior runBehavior, SqlCommand cmdHandler, SqlDataReader dataStream, BulkCopySimpleResultSet bulkCopyHandler, TdsParserStateObject stateObj, Boolean& dataReady)
   at System.Data.SqlClient.SqlCommand.RunExecuteNonQueryTds(String methodName, Boolean async, Int32 timeout, Boolean asyncWrite)
   at System.Data.SqlClient.SqlCommand.InternalExecuteNonQuery(TaskCompletionSource`1 completion, String methodName, Boolean sendToPipe, Int32 timeout, Boolean& usedCache, Boolean asyncWrite, Boolean inRetry)
   at System.Data.SqlClient.SqlCommand.ExecuteNonQuery()
   at login.btn_login_Click(Object sender, EventArgs e) in e:\CHETAN\CDFDashboardFinal(Bhagu)\CDF-Dashboard2017\login.aspx.cs:line 134
ClientConnectionId:74d50d29-410b-49b1-a4ab-b1adcf3c5f7f
Error Number:242,State:3,Class:16 
 
2019-12-23 15:21:02,247 [7] ERROR login - btn_login_Click -140 
 System.Data.SqlClient.SqlException (0x80131904): The conversion of a varchar data type to a datetime data type resulted in an out-of-range value.
The statement has been terminated.
   at System.Data.SqlClient.SqlConnection.OnError(SqlException exception, Boolean breakConnection, Action`1 wrapCloseInAction)
   at System.Data.SqlClient.SqlInternalConnection.OnError(SqlException exception, Boolean breakConnection, Action`1 wrapCloseInAction)
   at System.Data.SqlClient.TdsParser.ThrowExceptionAndWarning(TdsParserStateObject stateObj, Boolean callerHasConnectionLock, Boolean asyncClose)
   at System.Data.SqlClient.TdsParser.TryRun(RunBehavior runBehavior, SqlCommand cmdHandler, SqlDataReader dataStream, BulkCopySimpleResultSet bulkCopyHandler, TdsParserStateObject stateObj, Boolean& dataReady)
   at System.Data.SqlClient.SqlCommand.RunExecuteNonQueryTds(String methodName, Boolean async, Int32 timeout, Boolean asyncWrite)
   at System.Data.SqlClient.SqlCommand.InternalExecuteNonQuery(TaskCompletionSource`1 completion, String methodName, Boolean sendToPipe, Int32 timeout, Boolean& usedCache, Boolean asyncWrite, Boolean inRetry)
   at System.Data.SqlClient.SqlCommand.ExecuteNonQuery()
   at login.btn_login_Click(Object sender, EventArgs e) in e:\CHETAN\CDFDashboardFinal(Bhagu)\CDF-Dashboard2017\login.aspx.cs:line 134
ClientConnectionId:2116dfb4-d1c7-47f4-8d2e-f0b078af27e0
Error Number:242,State:3,Class:16 
 
2019-12-23 15:21:53,752 [5] ERROR ESAT_ReportDownload - Page_Load -28 
 System.Threading.ThreadAbortException: Thread was being aborted.
   at System.Threading.Thread.AbortInternal()
   at System.Threading.Thread.Abort(Object stateInfo)
   at System.Web.HttpResponse.AbortCurrentThread()
   at System.Web.HttpResponse.End()
   at System.Web.HttpResponse.Redirect(String url, Boolean endResponse, Boolean permanent)
   at System.Web.HttpResponse.Redirect(String url, Boolean endResponse)
   at ESAT_ReportDownload.Page_Load(Object sender, EventArgs e) in e:\CHETAN\CDFDashboardFinal(Bhagu)\CDF-Dashboard2017\Graph_Report\ReportDownload.aspx.cs:line 24 
 
2019-12-23 15:23:10,210 [7] ERROR logout - Page_Load -23 
 System.Data.SqlClient.SqlException (0x80131904): The conversion of a varchar data type to a datetime data type resulted in an out-of-range value.
The statement has been terminated.
   at db_context.ExecNonQuery(String s_query) in e:\CHETAN\CDFDashboardFinal(Bhagu)\CDF-Dashboard2017\App_Code\db_context.cs:line 131
   at logout.Page_Load(Object sender, EventArgs e) in e:\CHETAN\CDFDashboardFinal(Bhagu)\CDF-Dashboard2017\logout.aspx.cs:line 18
ClientConnectionId:2fd00cd0-8989-4409-a6bb-5a38de88aee4
Error Number:242,State:3,Class:16 
 
2019-12-23 15:23:22,794 [7] ERROR login - btn_login_Click -140 
 System.Data.SqlClient.SqlException (0x80131904): The conversion of a varchar data type to a datetime data type resulted in an out-of-range value.
The statement has been terminated.
   at System.Data.SqlClient.SqlConnection.OnError(SqlException exception, Boolean breakConnection, Action`1 wrapCloseInAction)
   at System.Data.SqlClient.SqlInternalConnection.OnError(SqlException exception, Boolean breakConnection, Action`1 wrapCloseInAction)
   at System.Data.SqlClient.TdsParser.ThrowExceptionAndWarning(TdsParserStateObject stateObj, Boolean callerHasConnectionLock, Boolean asyncClose)
   at System.Data.SqlClient.TdsParser.TryRun(RunBehavior runBehavior, SqlCommand cmdHandler, SqlDataReader dataStream, BulkCopySimpleResultSet bulkCopyHandler, TdsParserStateObject stateObj, Boolean& dataReady)
   at System.Data.SqlClient.SqlCommand.RunExecuteNonQueryTds(String methodName, Boolean async, Int32 timeout, Boolean asyncWrite)
   at System.Data.SqlClient.SqlCommand.InternalExecuteNonQuery(TaskCompletionSource`1 completion, String methodName, Boolean sendToPipe, Int32 timeout, Boolean& usedCache, Boolean asyncWrite, Boolean inRetry)
   at System.Data.SqlClient.SqlCommand.ExecuteNonQuery()
   at login.btn_login_Click(Object sender, EventArgs e) in e:\CHETAN\CDFDashboardFinal(Bhagu)\CDF-Dashboard2017\login.aspx.cs:line 134
ClientConnectionId:2fd00cd0-8989-4409-a6bb-5a38de88aee4
Error Number:242,State:3,Class:16 
 
2019-12-23 15:33:54,066 [18] ERROR logout - Page_Load -23 
 System.Data.SqlClient.SqlException (0x80131904): The conversion of a varchar data type to a datetime data type resulted in an out-of-range value.
The statement has been terminated.
   at db_context.ExecNonQuery(String s_query) in e:\CHETAN\CDFDashboardFinal(Bhagu)\CDF-Dashboard2017\App_Code\db_context.cs:line 131
   at logout.Page_Load(Object sender, EventArgs e) in e:\CHETAN\CDFDashboardFinal(Bhagu)\CDF-Dashboard2017\logout.aspx.cs:line 18
ClientConnectionId:2116dfb4-d1c7-47f4-8d2e-f0b078af27e0
Error Number:242,State:3,Class:16 
 
2019-12-23 15:34:20,767 [24] ERROR login - btn_login_Click -140 
 System.Data.SqlClient.SqlException (0x80131904): The conversion of a varchar data type to a datetime data type resulted in an out-of-range value.
The statement has been terminated.
   at System.Data.SqlClient.SqlConnection.OnError(SqlException exception, Boolean breakConnection, Action`1 wrapCloseInAction)
   at System.Data.SqlClient.SqlInternalConnection.OnError(SqlException exception, Boolean breakConnection, Action`1 wrapCloseInAction)
   at System.Data.SqlClient.TdsParser.ThrowExceptionAndWarning(TdsParserStateObject stateObj, Boolean callerHasConnectionLock, Boolean asyncClose)
   at System.Data.SqlClient.TdsParser.TryRun(RunBehavior runBehavior, SqlCommand cmdHandler, SqlDataReader dataStream, BulkCopySimpleResultSet bulkCopyHandler, TdsParserStateObject stateObj, Boolean& dataReady)
   at System.Data.SqlClient.SqlCommand.RunExecuteNonQueryTds(String methodName, Boolean async, Int32 timeout, Boolean asyncWrite)
   at System.Data.SqlClient.SqlCommand.InternalExecuteNonQuery(TaskCompletionSource`1 completion, String methodName, Boolean sendToPipe, Int32 timeout, Boolean& usedCache, Boolean asyncWrite, Boolean inRetry)
   at System.Data.SqlClient.SqlCommand.ExecuteNonQuery()
   at login.btn_login_Click(Object sender, EventArgs e) in e:\CHETAN\CDFDashboardFinal(Bhagu)\CDF-Dashboard2017\login.aspx.cs:line 134
ClientConnectionId:2116dfb4-d1c7-47f4-8d2e-f0b078af27e0
Error Number:242,State:3,Class:16 
 
2019-12-23 15:36:03,357 [5] ERROR logout - Page_Load -23 
 System.Data.SqlClient.SqlException (0x80131904): The conversion of a varchar data type to a datetime data type resulted in an out-of-range value.
The statement has been terminated.
   at db_context.ExecNonQuery(String s_query) in e:\CHETAN\CDFDashboardFinal(Bhagu)\CDF-Dashboard2017\App_Code\db_context.cs:line 131
   at logout.Page_Load(Object sender, EventArgs e) in e:\CHETAN\CDFDashboardFinal(Bhagu)\CDF-Dashboard2017\logout.aspx.cs:line 18
ClientConnectionId:2116dfb4-d1c7-47f4-8d2e-f0b078af27e0
Error Number:242,State:3,Class:16 
 
2019-12-23 15:36:09,384 [5] ERROR login - btn_login_Click -140 
 System.Data.SqlClient.SqlException (0x80131904): The conversion of a varchar data type to a datetime data type resulted in an out-of-range value.
The statement has been terminated.
   at System.Data.SqlClient.SqlConnection.OnError(SqlException exception, Boolean breakConnection, Action`1 wrapCloseInAction)
   at System.Data.SqlClient.SqlInternalConnection.OnError(SqlException exception, Boolean breakConnection, Action`1 wrapCloseInAction)
   at System.Data.SqlClient.TdsParser.ThrowExceptionAndWarning(TdsParserStateObject stateObj, Boolean callerHasConnectionLock, Boolean asyncClose)
   at System.Data.SqlClient.TdsParser.TryRun(RunBehavior runBehavior, SqlCommand cmdHandler, SqlDataReader dataStream, BulkCopySimpleResultSet bulkCopyHandler, TdsParserStateObject stateObj, Boolean& dataReady)
   at System.Data.SqlClient.SqlCommand.RunExecuteNonQueryTds(String methodName, Boolean async, Int32 timeout, Boolean asyncWrite)
   at System.Data.SqlClient.SqlCommand.InternalExecuteNonQuery(TaskCompletionSource`1 completion, String methodName, Boolean sendToPipe, Int32 timeout, Boolean& usedCache, Boolean asyncWrite, Boolean inRetry)
   at System.Data.SqlClient.SqlCommand.ExecuteNonQuery()
   at login.btn_login_Click(Object sender, EventArgs e) in e:\CHETAN\CDFDashboardFinal(Bhagu)\CDF-Dashboard2017\login.aspx.cs:line 134
ClientConnectionId:2116dfb4-d1c7-47f4-8d2e-f0b078af27e0
Error Number:242,State:3,Class:16 
 
2019-12-23 15:52:59,604 [14] ERROR logout - Page_Load -23 
 System.Data.SqlClient.SqlException (0x80131904): The conversion of a varchar data type to a datetime data type resulted in an out-of-range value.
The statement has been terminated.
   at db_context.ExecNonQuery(String s_query) in e:\CHETAN\CDFDashboardFinal(Bhagu)\CDF-Dashboard2017\App_Code\db_context.cs:line 131
   at logout.Page_Load(Object sender, EventArgs e) in e:\CHETAN\CDFDashboardFinal(Bhagu)\CDF-Dashboard2017\logout.aspx.cs:line 18
ClientConnectionId:b9ddd9f8-a611-49e4-afd3-400cc168f868
Error Number:242,State:3,Class:16 
 
2019-12-23 15:53:05,968 [5] ERROR login - btn_login_Click -140 
 System.Data.SqlClient.SqlException (0x80131904): The conversion of a varchar data type to a datetime data type resulted in an out-of-range value.
The statement has been terminated.
   at System.Data.SqlClient.SqlConnection.OnError(SqlException exception, Boolean breakConnection, Action`1 wrapCloseInAction)
   at System.Data.SqlClient.SqlInternalConnection.OnError(SqlException exception, Boolean breakConnection, Action`1 wrapCloseInAction)
   at System.Data.SqlClient.TdsParser.ThrowExceptionAndWarning(TdsParserStateObject stateObj, Boolean callerHasConnectionLock, Boolean asyncClose)
   at System.Data.SqlClient.TdsParser.TryRun(RunBehavior runBehavior, SqlCommand cmdHandler, SqlDataReader dataStream, BulkCopySimpleResultSet bulkCopyHandler, TdsParserStateObject stateObj, Boolean& dataReady)
   at System.Data.SqlClient.SqlCommand.RunExecuteNonQueryTds(String methodName, Boolean async, Int32 timeout, Boolean asyncWrite)
   at System.Data.SqlClient.SqlCommand.InternalExecuteNonQuery(TaskCompletionSource`1 completion, String methodName, Boolean sendToPipe, Int32 timeout, Boolean& usedCache, Boolean asyncWrite, Boolean inRetry)
   at System.Data.SqlClient.SqlCommand.ExecuteNonQuery()
   at login.btn_login_Click(Object sender, EventArgs e) in e:\CHETAN\CDFDashboardFinal(Bhagu)\CDF-Dashboard2017\login.aspx.cs:line 134
ClientConnectionId:b9ddd9f8-a611-49e4-afd3-400cc168f868
Error Number:242,State:3,Class:16 
 
2019-12-23 16:44:11,824 [14] ERROR logout - Page_Load -23 
 System.Data.SqlClient.SqlException (0x80131904): The conversion of a varchar data type to a datetime data type resulted in an out-of-range value.
The statement has been terminated.
   at db_context.ExecNonQuery(String s_query) in e:\CHETAN\CDFDashboardFinal(Bhagu)\CDF-Dashboard2017\App_Code\db_context.cs:line 131
   at logout.Page_Load(Object sender, EventArgs e) in e:\CHETAN\CDFDashboardFinal(Bhagu)\CDF-Dashboard2017\logout.aspx.cs:line 18
ClientConnectionId:56bad6a3-2e9d-4ee9-af95-793d99d835f9
Error Number:242,State:3,Class:16 
 
2019-12-23 16:44:17,776 [14] ERROR login - btn_login_Click -140 
 System.Data.SqlClient.SqlException (0x80131904): The conversion of a varchar data type to a datetime data type resulted in an out-of-range value.
The statement has been terminated.
   at System.Data.SqlClient.SqlConnection.OnError(SqlException exception, Boolean breakConnection, Action`1 wrapCloseInAction)
   at System.Data.SqlClient.SqlInternalConnection.OnError(SqlException exception, Boolean breakConnection, Action`1 wrapCloseInAction)
   at System.Data.SqlClient.TdsParser.ThrowExceptionAndWarning(TdsParserStateObject stateObj, Boolean callerHasConnectionLock, Boolean asyncClose)
   at System.Data.SqlClient.TdsParser.TryRun(RunBehavior runBehavior, SqlCommand cmdHandler, SqlDataReader dataStream, BulkCopySimpleResultSet bulkCopyHandler, TdsParserStateObject stateObj, Boolean& dataReady)
   at System.Data.SqlClient.SqlCommand.RunExecuteNonQueryTds(String methodName, Boolean async, Int32 timeout, Boolean asyncWrite)
   at System.Data.SqlClient.SqlCommand.InternalExecuteNonQuery(TaskCompletionSource`1 completion, String methodName, Boolean sendToPipe, Int32 timeout, Boolean& usedCache, Boolean asyncWrite, Boolean inRetry)
   at System.Data.SqlClient.SqlCommand.ExecuteNonQuery()
   at login.btn_login_Click(Object sender, EventArgs e) in e:\CHETAN\CDFDashboardFinal(Bhagu)\CDF-Dashboard2017\login.aspx.cs:line 134
ClientConnectionId:56bad6a3-2e9d-4ee9-af95-793d99d835f9
Error Number:242,State:3,Class:16 
 
2019-12-23 16:47:50,539 [39] ERROR logout - Page_Load -23 
 System.Data.SqlClient.SqlException (0x80131904): The conversion of a varchar data type to a datetime data type resulted in an out-of-range value.
The statement has been terminated.
   at db_context.ExecNonQuery(String s_query) in e:\CHETAN\CDFDashboardFinal(Bhagu)\CDF-Dashboard2017\App_Code\db_context.cs:line 131
   at logout.Page_Load(Object sender, EventArgs e) in e:\CHETAN\CDFDashboardFinal(Bhagu)\CDF-Dashboard2017\logout.aspx.cs:line 18
ClientConnectionId:56bad6a3-2e9d-4ee9-af95-793d99d835f9
Error Number:242,State:3,Class:16 
 
2019-12-23 16:48:04,198 [39] ERROR login - btn_login_Click -140 
 System.Data.SqlClient.SqlException (0x80131904): The conversion of a varchar data type to a datetime data type resulted in an out-of-range value.
The statement has been terminated.
   at System.Data.SqlClient.SqlConnection.OnError(SqlException exception, Boolean breakConnection, Action`1 wrapCloseInAction)
   at System.Data.SqlClient.SqlInternalConnection.OnError(SqlException exception, Boolean breakConnection, Action`1 wrapCloseInAction)
   at System.Data.SqlClient.TdsParser.ThrowExceptionAndWarning(TdsParserStateObject stateObj, Boolean callerHasConnectionLock, Boolean asyncClose)
   at System.Data.SqlClient.TdsParser.TryRun(RunBehavior runBehavior, SqlCommand cmdHandler, SqlDataReader dataStream, BulkCopySimpleResultSet bulkCopyHandler, TdsParserStateObject stateObj, Boolean& dataReady)
   at System.Data.SqlClient.SqlCommand.RunExecuteNonQueryTds(String methodName, Boolean async, Int32 timeout, Boolean asyncWrite)
   at System.Data.SqlClient.SqlCommand.InternalExecuteNonQuery(TaskCompletionSource`1 completion, String methodName, Boolean sendToPipe, Int32 timeout, Boolean& usedCache, Boolean asyncWrite, Boolean inRetry)
   at System.Data.SqlClient.SqlCommand.ExecuteNonQuery()
   at login.btn_login_Click(Object sender, EventArgs e) in e:\CHETAN\CDFDashboardFinal(Bhagu)\CDF-Dashboard2017\login.aspx.cs:line 134
ClientConnectionId:56bad6a3-2e9d-4ee9-af95-793d99d835f9
Error Number:242,State:3,Class:16 
 
2019-12-23 16:48:46,432 [39] ERROR logout - Page_Load -23 
 System.Data.SqlClient.SqlException (0x80131904): The conversion of a varchar data type to a datetime data type resulted in an out-of-range value.
The statement has been terminated.
   at db_context.ExecNonQuery(String s_query) in e:\CHETAN\CDFDashboardFinal(Bhagu)\CDF-Dashboard2017\App_Code\db_context.cs:line 131
   at logout.Page_Load(Object sender, EventArgs e) in e:\CHETAN\CDFDashboardFinal(Bhagu)\CDF-Dashboard2017\logout.aspx.cs:line 18
ClientConnectionId:56bad6a3-2e9d-4ee9-af95-793d99d835f9
Error Number:242,State:3,Class:16 
 
2019-12-23 16:48:58,987 [39] ERROR login - btn_login_Click -140 
 System.Data.SqlClient.SqlException (0x80131904): The conversion of a varchar data type to a datetime data type resulted in an out-of-range value.
The statement has been terminated.
   at System.Data.SqlClient.SqlConnection.OnError(SqlException exception, Boolean breakConnection, Action`1 wrapCloseInAction)
   at System.Data.SqlClient.SqlInternalConnection.OnError(SqlException exception, Boolean breakConnection, Action`1 wrapCloseInAction)
   at System.Data.SqlClient.TdsParser.ThrowExceptionAndWarning(TdsParserStateObject stateObj, Boolean callerHasConnectionLock, Boolean asyncClose)
   at System.Data.SqlClient.TdsParser.TryRun(RunBehavior runBehavior, SqlCommand cmdHandler, SqlDataReader dataStream, BulkCopySimpleResultSet bulkCopyHandler, TdsParserStateObject stateObj, Boolean& dataReady)
   at System.Data.SqlClient.SqlCommand.RunExecuteNonQueryTds(String methodName, Boolean async, Int32 timeout, Boolean asyncWrite)
   at System.Data.SqlClient.SqlCommand.InternalExecuteNonQuery(TaskCompletionSource`1 completion, String methodName, Boolean sendToPipe, Int32 timeout, Boolean& usedCache, Boolean asyncWrite, Boolean inRetry)
   at System.Data.SqlClient.SqlCommand.ExecuteNonQuery()
   at login.btn_login_Click(Object sender, EventArgs e) in e:\CHETAN\CDFDashboardFinal(Bhagu)\CDF-Dashboard2017\login.aspx.cs:line 134
ClientConnectionId:56bad6a3-2e9d-4ee9-af95-793d99d835f9
Error Number:242,State:3,Class:16 
 
2019-12-23 16:50:40,587 [41] ERROR logout - Page_Load -23 
 System.Data.SqlClient.SqlException (0x80131904): The conversion of a varchar data type to a datetime data type resulted in an out-of-range value.
The statement has been terminated.
   at db_context.ExecNonQuery(String s_query) in e:\CHETAN\CDFDashboardFinal(Bhagu)\CDF-Dashboard2017\App_Code\db_context.cs:line 131
   at logout.Page_Load(Object sender, EventArgs e) in e:\CHETAN\CDFDashboardFinal(Bhagu)\CDF-Dashboard2017\logout.aspx.cs:line 18
ClientConnectionId:56bad6a3-2e9d-4ee9-af95-793d99d835f9
Error Number:242,State:3,Class:16 
 
2019-12-23 16:51:00,117 [41] ERROR login - btn_login_Click -140 
 System.Data.SqlClient.SqlException (0x80131904): The conversion of a varchar data type to a datetime data type resulted in an out-of-range value.
The statement has been terminated.
   at System.Data.SqlClient.SqlConnection.OnError(SqlException exception, Boolean breakConnection, Action`1 wrapCloseInAction)
   at System.Data.SqlClient.SqlInternalConnection.OnError(SqlException exception, Boolean breakConnection, Action`1 wrapCloseInAction)
   at System.Data.SqlClient.TdsParser.ThrowExceptionAndWarning(TdsParserStateObject stateObj, Boolean callerHasConnectionLock, Boolean asyncClose)
   at System.Data.SqlClient.TdsParser.TryRun(RunBehavior runBehavior, SqlCommand cmdHandler, SqlDataReader dataStream, BulkCopySimpleResultSet bulkCopyHandler, TdsParserStateObject stateObj, Boolean& dataReady)
   at System.Data.SqlClient.SqlCommand.RunExecuteNonQueryTds(String methodName, Boolean async, Int32 timeout, Boolean asyncWrite)
   at System.Data.SqlClient.SqlCommand.InternalExecuteNonQuery(TaskCompletionSource`1 completion, String methodName, Boolean sendToPipe, Int32 timeout, Boolean& usedCache, Boolean asyncWrite, Boolean inRetry)
   at System.Data.SqlClient.SqlCommand.ExecuteNonQuery()
   at login.btn_login_Click(Object sender, EventArgs e) in e:\CHETAN\CDFDashboardFinal(Bhagu)\CDF-Dashboard2017\login.aspx.cs:line 134
ClientConnectionId:56bad6a3-2e9d-4ee9-af95-793d99d835f9
Error Number:242,State:3,Class:16 
 
2019-12-23 16:51:48,971 [41] ERROR logout - Page_Load -23 
 System.Data.SqlClient.SqlException (0x80131904): The conversion of a varchar data type to a datetime data type resulted in an out-of-range value.
The statement has been terminated.
   at db_context.ExecNonQuery(String s_query) in e:\CHETAN\CDFDashboardFinal(Bhagu)\CDF-Dashboard2017\App_Code\db_context.cs:line 131
   at logout.Page_Load(Object sender, EventArgs e) in e:\CHETAN\CDFDashboardFinal(Bhagu)\CDF-Dashboard2017\logout.aspx.cs:line 18
ClientConnectionId:56bad6a3-2e9d-4ee9-af95-793d99d835f9
Error Number:242,State:3,Class:16 
 
2019-12-23 16:51:56,498 [41] ERROR login - btn_login_Click -140 
 System.Data.SqlClient.SqlException (0x80131904): The conversion of a varchar data type to a datetime data type resulted in an out-of-range value.
The statement has been terminated.
   at System.Data.SqlClient.SqlConnection.OnError(SqlException exception, Boolean breakConnection, Action`1 wrapCloseInAction)
   at System.Data.SqlClient.SqlInternalConnection.OnError(SqlException exception, Boolean breakConnection, Action`1 wrapCloseInAction)
   at System.Data.SqlClient.TdsParser.ThrowExceptionAndWarning(TdsParserStateObject stateObj, Boolean callerHasConnectionLock, Boolean asyncClose)
   at System.Data.SqlClient.TdsParser.TryRun(RunBehavior runBehavior, SqlCommand cmdHandler, SqlDataReader dataStream, BulkCopySimpleResultSet bulkCopyHandler, TdsParserStateObject stateObj, Boolean& dataReady)
   at System.Data.SqlClient.SqlCommand.RunExecuteNonQueryTds(String methodName, Boolean async, Int32 timeout, Boolean asyncWrite)
   at System.Data.SqlClient.SqlCommand.InternalExecuteNonQuery(TaskCompletionSource`1 completion, String methodName, Boolean sendToPipe, Int32 timeout, Boolean& usedCache, Boolean asyncWrite, Boolean inRetry)
   at System.Data.SqlClient.SqlCommand.ExecuteNonQuery()
   at login.btn_login_Click(Object sender, EventArgs e) in e:\CHETAN\CDFDashboardFinal(Bhagu)\CDF-Dashboard2017\login.aspx.cs:line 134
ClientConnectionId:56bad6a3-2e9d-4ee9-af95-793d99d835f9
Error Number:242,State:3,Class:16 
 
2019-12-23 16:52:52,453 [33] ERROR logout - Page_Load -23 
 System.Data.SqlClient.SqlException (0x80131904): The conversion of a varchar data type to a datetime data type resulted in an out-of-range value.
The statement has been terminated.
   at db_context.ExecNonQuery(String s_query) in e:\CHETAN\CDFDashboardFinal(Bhagu)\CDF-Dashboard2017\App_Code\db_context.cs:line 131
   at logout.Page_Load(Object sender, EventArgs e) in e:\CHETAN\CDFDashboardFinal(Bhagu)\CDF-Dashboard2017\logout.aspx.cs:line 18
ClientConnectionId:56bad6a3-2e9d-4ee9-af95-793d99d835f9
Error Number:242,State:3,Class:16 
 
2019-12-23 16:53:05,040 [33] ERROR login - btn_login_Click -140 
 System.Data.SqlClient.SqlException (0x80131904): The conversion of a varchar data type to a datetime data type resulted in an out-of-range value.
The statement has been terminated.
   at System.Data.SqlClient.SqlConnection.OnError(SqlException exception, Boolean breakConnection, Action`1 wrapCloseInAction)
   at System.Data.SqlClient.SqlInternalConnection.OnError(SqlException exception, Boolean breakConnection, Action`1 wrapCloseInAction)
   at System.Data.SqlClient.TdsParser.ThrowExceptionAndWarning(TdsParserStateObject stateObj, Boolean callerHasConnectionLock, Boolean asyncClose)
   at System.Data.SqlClient.TdsParser.TryRun(RunBehavior runBehavior, SqlCommand cmdHandler, SqlDataReader dataStream, BulkCopySimpleResultSet bulkCopyHandler, TdsParserStateObject stateObj, Boolean& dataReady)
   at System.Data.SqlClient.SqlCommand.RunExecuteNonQueryTds(String methodName, Boolean async, Int32 timeout, Boolean asyncWrite)
   at System.Data.SqlClient.SqlCommand.InternalExecuteNonQuery(TaskCompletionSource`1 completion, String methodName, Boolean sendToPipe, Int32 timeout, Boolean& usedCache, Boolean asyncWrite, Boolean inRetry)
   at System.Data.SqlClient.SqlCommand.ExecuteNonQuery()
   at login.btn_login_Click(Object sender, EventArgs e) in e:\CHETAN\CDFDashboardFinal(Bhagu)\CDF-Dashboard2017\login.aspx.cs:line 134
ClientConnectionId:56bad6a3-2e9d-4ee9-af95-793d99d835f9
Error Number:242,State:3,Class:16 
 
2019-12-23 16:54:01,961 [40] ERROR logout - Page_Load -23 
 System.Data.SqlClient.SqlException (0x80131904): The conversion of a varchar data type to a datetime data type resulted in an out-of-range value.
The statement has been terminated.
   at db_context.ExecNonQuery(String s_query) in e:\CHETAN\CDFDashboardFinal(Bhagu)\CDF-Dashboard2017\App_Code\db_context.cs:line 131
   at logout.Page_Load(Object sender, EventArgs e) in e:\CHETAN\CDFDashboardFinal(Bhagu)\CDF-Dashboard2017\logout.aspx.cs:line 18
ClientConnectionId:56bad6a3-2e9d-4ee9-af95-793d99d835f9
Error Number:242,State:3,Class:16 
 
2019-12-23 16:54:16,149 [40] ERROR login - btn_login_Click -140 
 System.Data.SqlClient.SqlException (0x80131904): The conversion of a varchar data type to a datetime data type resulted in an out-of-range value.
The statement has been terminated.
   at System.Data.SqlClient.SqlConnection.OnError(SqlException exception, Boolean breakConnection, Action`1 wrapCloseInAction)
   at System.Data.SqlClient.SqlInternalConnection.OnError(SqlException exception, Boolean breakConnection, Action`1 wrapCloseInAction)
   at System.Data.SqlClient.TdsParser.ThrowExceptionAndWarning(TdsParserStateObject stateObj, Boolean callerHasConnectionLock, Boolean asyncClose)
   at System.Data.SqlClient.TdsParser.TryRun(RunBehavior runBehavior, SqlCommand cmdHandler, SqlDataReader dataStream, BulkCopySimpleResultSet bulkCopyHandler, TdsParserStateObject stateObj, Boolean& dataReady)
   at System.Data.SqlClient.SqlCommand.RunExecuteNonQueryTds(String methodName, Boolean async, Int32 timeout, Boolean asyncWrite)
   at System.Data.SqlClient.SqlCommand.InternalExecuteNonQuery(TaskCompletionSource`1 completion, String methodName, Boolean sendToPipe, Int32 timeout, Boolean& usedCache, Boolean asyncWrite, Boolean inRetry)
   at System.Data.SqlClient.SqlCommand.ExecuteNonQuery()
   at login.btn_login_Click(Object sender, EventArgs e) in e:\CHETAN\CDFDashboardFinal(Bhagu)\CDF-Dashboard2017\login.aspx.cs:line 134
ClientConnectionId:56bad6a3-2e9d-4ee9-af95-793d99d835f9
Error Number:242,State:3,Class:16 
 
2019-12-23 16:55:04,098 [38] ERROR logout - Page_Load -23 
 System.Data.SqlClient.SqlException (0x80131904): The conversion of a varchar data type to a datetime data type resulted in an out-of-range value.
The statement has been terminated.
   at db_context.ExecNonQuery(String s_query) in e:\CHETAN\CDFDashboardFinal(Bhagu)\CDF-Dashboard2017\App_Code\db_context.cs:line 131
   at logout.Page_Load(Object sender, EventArgs e) in e:\CHETAN\CDFDashboardFinal(Bhagu)\CDF-Dashboard2017\logout.aspx.cs:line 18
ClientConnectionId:56bad6a3-2e9d-4ee9-af95-793d99d835f9
Error Number:242,State:3,Class:16 
 
2019-12-23 16:55:18,497 [40] ERROR login - btn_login_Click -140 
 System.Data.SqlClient.SqlException (0x80131904): The conversion of a varchar data type to a datetime data type resulted in an out-of-range value.
The statement has been terminated.
   at System.Data.SqlClient.SqlConnection.OnError(SqlException exception, Boolean breakConnection, Action`1 wrapCloseInAction)
   at System.Data.SqlClient.SqlInternalConnection.OnError(SqlException exception, Boolean breakConnection, Action`1 wrapCloseInAction)
   at System.Data.SqlClient.TdsParser.ThrowExceptionAndWarning(TdsParserStateObject stateObj, Boolean callerHasConnectionLock, Boolean asyncClose)
   at System.Data.SqlClient.TdsParser.TryRun(RunBehavior runBehavior, SqlCommand cmdHandler, SqlDataReader dataStream, BulkCopySimpleResultSet bulkCopyHandler, TdsParserStateObject stateObj, Boolean& dataReady)
   at System.Data.SqlClient.SqlCommand.RunExecuteNonQueryTds(String methodName, Boolean async, Int32 timeout, Boolean asyncWrite)
   at System.Data.SqlClient.SqlCommand.InternalExecuteNonQuery(TaskCompletionSource`1 completion, String methodName, Boolean sendToPipe, Int32 timeout, Boolean& usedCache, Boolean asyncWrite, Boolean inRetry)
   at System.Data.SqlClient.SqlCommand.ExecuteNonQuery()
   at login.btn_login_Click(Object sender, EventArgs e) in e:\CHETAN\CDFDashboardFinal(Bhagu)\CDF-Dashboard2017\login.aspx.cs:line 134
ClientConnectionId:56bad6a3-2e9d-4ee9-af95-793d99d835f9
Error Number:242,State:3,Class:16 
 
2019-12-23 17:00:01,431 [41] ERROR logout - Page_Load -23 
 System.Data.SqlClient.SqlException (0x80131904): The conversion of a varchar data type to a datetime data type resulted in an out-of-range value.
The statement has been terminated.
   at db_context.ExecNonQuery(String s_query) in e:\CHETAN\CDFDashboardFinal(Bhagu)\CDF-Dashboard2017\App_Code\db_context.cs:line 131
   at logout.Page_Load(Object sender, EventArgs e) in e:\CHETAN\CDFDashboardFinal(Bhagu)\CDF-Dashboard2017\logout.aspx.cs:line 18
ClientConnectionId:56bad6a3-2e9d-4ee9-af95-793d99d835f9
Error Number:242,State:3,Class:16 
 
2019-12-23 17:00:11,723 [40] ERROR login - btn_login_Click -140 
 System.Data.SqlClient.SqlException (0x80131904): The conversion of a varchar data type to a datetime data type resulted in an out-of-range value.
The statement has been terminated.
   at System.Data.SqlClient.SqlConnection.OnError(SqlException exception, Boolean breakConnection, Action`1 wrapCloseInAction)
   at System.Data.SqlClient.SqlInternalConnection.OnError(SqlException exception, Boolean breakConnection, Action`1 wrapCloseInAction)
   at System.Data.SqlClient.TdsParser.ThrowExceptionAndWarning(TdsParserStateObject stateObj, Boolean callerHasConnectionLock, Boolean asyncClose)
   at System.Data.SqlClient.TdsParser.TryRun(RunBehavior runBehavior, SqlCommand cmdHandler, SqlDataReader dataStream, BulkCopySimpleResultSet bulkCopyHandler, TdsParserStateObject stateObj, Boolean& dataReady)
   at System.Data.SqlClient.SqlCommand.RunExecuteNonQueryTds(String methodName, Boolean async, Int32 timeout, Boolean asyncWrite)
   at System.Data.SqlClient.SqlCommand.InternalExecuteNonQuery(TaskCompletionSource`1 completion, String methodName, Boolean sendToPipe, Int32 timeout, Boolean& usedCache, Boolean asyncWrite, Boolean inRetry)
   at System.Data.SqlClient.SqlCommand.ExecuteNonQuery()
   at login.btn_login_Click(Object sender, EventArgs e) in e:\CHETAN\CDFDashboardFinal(Bhagu)\CDF-Dashboard2017\login.aspx.cs:line 134
ClientConnectionId:56bad6a3-2e9d-4ee9-af95-793d99d835f9
Error Number:242,State:3,Class:16 
 
2019-12-23 17:03:06,923 [40] ERROR logout - Page_Load -23 
 System.Data.SqlClient.SqlException (0x80131904): The conversion of a varchar data type to a datetime data type resulted in an out-of-range value.
The statement has been terminated.
   at db_context.ExecNonQuery(String s_query) in e:\CHETAN\CDFDashboardFinal(Bhagu)\CDF-Dashboard2017\App_Code\db_context.cs:line 131
   at logout.Page_Load(Object sender, EventArgs e) in e:\CHETAN\CDFDashboardFinal(Bhagu)\CDF-Dashboard2017\logout.aspx.cs:line 18
ClientConnectionId:56bad6a3-2e9d-4ee9-af95-793d99d835f9
Error Number:242,State:3,Class:16 
 
2019-12-23 17:03:12,807 [40] ERROR login - btn_login_Click -140 
 System.Data.SqlClient.SqlException (0x80131904): The conversion of a varchar data type to a datetime data type resulted in an out-of-range value.
The statement has been terminated.
   at System.Data.SqlClient.SqlConnection.OnError(SqlException exception, Boolean breakConnection, Action`1 wrapCloseInAction)
   at System.Data.SqlClient.SqlInternalConnection.OnError(SqlException exception, Boolean breakConnection, Action`1 wrapCloseInAction)
   at System.Data.SqlClient.TdsParser.ThrowExceptionAndWarning(TdsParserStateObject stateObj, Boolean callerHasConnectionLock, Boolean asyncClose)
   at System.Data.SqlClient.TdsParser.TryRun(RunBehavior runBehavior, SqlCommand cmdHandler, SqlDataReader dataStream, BulkCopySimpleResultSet bulkCopyHandler, TdsParserStateObject stateObj, Boolean& dataReady)
   at System.Data.SqlClient.SqlCommand.RunExecuteNonQueryTds(String methodName, Boolean async, Int32 timeout, Boolean asyncWrite)
   at System.Data.SqlClient.SqlCommand.InternalExecuteNonQuery(TaskCompletionSource`1 completion, String methodName, Boolean sendToPipe, Int32 timeout, Boolean& usedCache, Boolean asyncWrite, Boolean inRetry)
   at System.Data.SqlClient.SqlCommand.ExecuteNonQuery()
   at login.btn_login_Click(Object sender, EventArgs e) in e:\CHETAN\CDFDashboardFinal(Bhagu)\CDF-Dashboard2017\login.aspx.cs:line 134
ClientConnectionId:56bad6a3-2e9d-4ee9-af95-793d99d835f9
Error Number:242,State:3,Class:16 
 
2019-12-23 17:04:01,363 [40] ERROR logout - Page_Load -23 
 System.Data.SqlClient.SqlException (0x80131904): The conversion of a varchar data type to a datetime data type resulted in an out-of-range value.
The statement has been terminated.
   at db_context.ExecNonQuery(String s_query) in e:\CHETAN\CDFDashboardFinal(Bhagu)\CDF-Dashboard2017\App_Code\db_context.cs:line 131
   at logout.Page_Load(Object sender, EventArgs e) in e:\CHETAN\CDFDashboardFinal(Bhagu)\CDF-Dashboard2017\logout.aspx.cs:line 18
ClientConnectionId:56bad6a3-2e9d-4ee9-af95-793d99d835f9
Error Number:242,State:3,Class:16 
 
2019-12-23 17:04:08,453 [19] ERROR login - btn_login_Click -140 
 System.Data.SqlClient.SqlException (0x80131904): The conversion of a varchar data type to a datetime data type resulted in an out-of-range value.
The statement has been terminated.
   at System.Data.SqlClient.SqlConnection.OnError(SqlException exception, Boolean breakConnection, Action`1 wrapCloseInAction)
   at System.Data.SqlClient.SqlInternalConnection.OnError(SqlException exception, Boolean breakConnection, Action`1 wrapCloseInAction)
   at System.Data.SqlClient.TdsParser.ThrowExceptionAndWarning(TdsParserStateObject stateObj, Boolean callerHasConnectionLock, Boolean asyncClose)
   at System.Data.SqlClient.TdsParser.TryRun(RunBehavior runBehavior, SqlCommand cmdHandler, SqlDataReader dataStream, BulkCopySimpleResultSet bulkCopyHandler, TdsParserStateObject stateObj, Boolean& dataReady)
   at System.Data.SqlClient.SqlCommand.RunExecuteNonQueryTds(String methodName, Boolean async, Int32 timeout, Boolean asyncWrite)
   at System.Data.SqlClient.SqlCommand.InternalExecuteNonQuery(TaskCompletionSource`1 completion, String methodName, Boolean sendToPipe, Int32 timeout, Boolean& usedCache, Boolean asyncWrite, Boolean inRetry)
   at System.Data.SqlClient.SqlCommand.ExecuteNonQuery()
   at login.btn_login_Click(Object sender, EventArgs e) in e:\CHETAN\CDFDashboardFinal(Bhagu)\CDF-Dashboard2017\login.aspx.cs:line 134
ClientConnectionId:56bad6a3-2e9d-4ee9-af95-793d99d835f9
Error Number:242,State:3,Class:16 
 
2019-12-23 17:04:38,818 [40] ERROR logout - Page_Load -23 
 System.Data.SqlClient.SqlException (0x80131904): The conversion of a varchar data type to a datetime data type resulted in an out-of-range value.
The statement has been terminated.
   at db_context.ExecNonQuery(String s_query) in e:\CHETAN\CDFDashboardFinal(Bhagu)\CDF-Dashboard2017\App_Code\db_context.cs:line 131
   at logout.Page_Load(Object sender, EventArgs e) in e:\CHETAN\CDFDashboardFinal(Bhagu)\CDF-Dashboard2017\logout.aspx.cs:line 18
ClientConnectionId:56bad6a3-2e9d-4ee9-af95-793d99d835f9
Error Number:242,State:3,Class:16 
 
2019-12-23 17:04:45,385 [40] ERROR login - btn_login_Click -140 
 System.Data.SqlClient.SqlException (0x80131904): The conversion of a varchar data type to a datetime data type resulted in an out-of-range value.
The statement has been terminated.
   at System.Data.SqlClient.SqlConnection.OnError(SqlException exception, Boolean breakConnection, Action`1 wrapCloseInAction)
   at System.Data.SqlClient.SqlInternalConnection.OnError(SqlException exception, Boolean breakConnection, Action`1 wrapCloseInAction)
   at System.Data.SqlClient.TdsParser.ThrowExceptionAndWarning(TdsParserStateObject stateObj, Boolean callerHasConnectionLock, Boolean asyncClose)
   at System.Data.SqlClient.TdsParser.TryRun(RunBehavior runBehavior, SqlCommand cmdHandler, SqlDataReader dataStream, BulkCopySimpleResultSet bulkCopyHandler, TdsParserStateObject stateObj, Boolean& dataReady)
   at System.Data.SqlClient.SqlCommand.RunExecuteNonQueryTds(String methodName, Boolean async, Int32 timeout, Boolean asyncWrite)
   at System.Data.SqlClient.SqlCommand.InternalExecuteNonQuery(TaskCompletionSource`1 completion, String methodName, Boolean sendToPipe, Int32 timeout, Boolean& usedCache, Boolean asyncWrite, Boolean inRetry)
   at System.Data.SqlClient.SqlCommand.ExecuteNonQuery()
   at login.btn_login_Click(Object sender, EventArgs e) in e:\CHETAN\CDFDashboardFinal(Bhagu)\CDF-Dashboard2017\login.aspx.cs:line 134
ClientConnectionId:56bad6a3-2e9d-4ee9-af95-793d99d835f9
Error Number:242,State:3,Class:16 
 
2019-12-23 17:18:29,863 [35] ERROR ASP.global_asax - Session_End -82 
 System.Data.SqlClient.SqlException (0x80131904): The conversion of a varchar data type to a datetime data type resulted in an out-of-range value.
The statement has been terminated.
   at db_context.ExecNonQuery(String s_query) in e:\CHETAN\CDFDashboardFinal(Bhagu)\CDF-Dashboard2017\App_Code\db_context.cs:line 131
   at ASP.global_asax.Session_End(Object sender, EventArgs e) in e:\CHETAN\CDFDashboardFinal(Bhagu)\CDF-Dashboard2017\Global.asax:line 77
ClientConnectionId:56bad6a3-2e9d-4ee9-af95-793d99d835f9
Error Number:242,State:3,Class:16 
 
2019-12-23 17:18:56,012 [13] ERROR login - btn_login_Click -140 
 System.Data.SqlClient.SqlException (0x80131904): The conversion of a varchar data type to a datetime data type resulted in an out-of-range value.
The statement has been terminated.
   at System.Data.SqlClient.SqlConnection.OnError(SqlException exception, Boolean breakConnection, Action`1 wrapCloseInAction)
   at System.Data.SqlClient.SqlInternalConnection.OnError(SqlException exception, Boolean breakConnection, Action`1 wrapCloseInAction)
   at System.Data.SqlClient.TdsParser.ThrowExceptionAndWarning(TdsParserStateObject stateObj, Boolean callerHasConnectionLock, Boolean asyncClose)
   at System.Data.SqlClient.TdsParser.TryRun(RunBehavior runBehavior, SqlCommand cmdHandler, SqlDataReader dataStream, BulkCopySimpleResultSet bulkCopyHandler, TdsParserStateObject stateObj, Boolean& dataReady)
   at System.Data.SqlClient.SqlCommand.RunExecuteNonQueryTds(String methodName, Boolean async, Int32 timeout, Boolean asyncWrite)
   at System.Data.SqlClient.SqlCommand.InternalExecuteNonQuery(TaskCompletionSource`1 completion, String methodName, Boolean sendToPipe, Int32 timeout, Boolean& usedCache, Boolean asyncWrite, Boolean inRetry)
   at System.Data.SqlClient.SqlCommand.ExecuteNonQuery()
   at login.btn_login_Click(Object sender, EventArgs e) in e:\CHETAN\CDFDashboardFinal(Bhagu)\CDF-Dashboard2017\login.aspx.cs:line 134
ClientConnectionId:19fc0249-fbf2-4dbd-b70c-7def4a1d7e8b
Error Number:242,State:3,Class:16 
 
2019-12-23 18:28:43,404 [19] ERROR ASP.global_asax - Session_End -82 
 System.Data.SqlClient.SqlException (0x80131904): The conversion of a varchar data type to a datetime data type resulted in an out-of-range value.
The statement has been terminated.
   at db_context.ExecNonQuery(String s_query) in e:\CHETAN\CDFDashboardFinal(Bhagu)\CDF-Dashboard2017\App_Code\db_context.cs:line 131
   at ASP.global_asax.Session_End(Object sender, EventArgs e) in e:\CHETAN\CDFDashboardFinal(Bhagu)\CDF-Dashboard2017\Global.asax:line 77
ClientConnectionId:d007ab64-7e47-4b3a-b9b6-4a07d5917903
Error Number:242,State:3,Class:16 
 
2019-12-23 18:32:44,950 [19] ERROR login - btn_login_Click -140 
 System.Data.SqlClient.SqlException (0x80131904): The conversion of a varchar data type to a datetime data type resulted in an out-of-range value.
The statement has been terminated.
   at System.Data.SqlClient.SqlConnection.OnError(SqlException exception, Boolean breakConnection, Action`1 wrapCloseInAction)
   at System.Data.SqlClient.SqlInternalConnection.OnError(SqlException exception, Boolean breakConnection, Action`1 wrapCloseInAction)
   at System.Data.SqlClient.TdsParser.ThrowExceptionAndWarning(TdsParserStateObject stateObj, Boolean callerHasConnectionLock, Boolean asyncClose)
   at System.Data.SqlClient.TdsParser.TryRun(RunBehavior runBehavior, SqlCommand cmdHandler, SqlDataReader dataStream, BulkCopySimpleResultSet bulkCopyHandler, TdsParserStateObject stateObj, Boolean& dataReady)
   at System.Data.SqlClient.SqlCommand.RunExecuteNonQueryTds(String methodName, Boolean async, Int32 timeout, Boolean asyncWrite)
   at System.Data.SqlClient.SqlCommand.InternalExecuteNonQuery(TaskCompletionSource`1 completion, String methodName, Boolean sendToPipe, Int32 timeout, Boolean& usedCache, Boolean asyncWrite, Boolean inRetry)
   at System.Data.SqlClient.SqlCommand.ExecuteNonQuery()
   at login.btn_login_Click(Object sender, EventArgs e) in e:\CHETAN\CDFDashboardFinal(Bhagu)\CDF-Dashboard2017\login.aspx.cs:line 134
ClientConnectionId:0e80c88b-7228-43b6-a787-944afb376be0
Error Number:242,State:3,Class:16 
 
