2020-01-02 10:29:37,067 [17] ERROR resources_doctree - GetData -94 
 System.Data.SqlClient.SqlException (0x80131904): Execution Timeout Expired.  The timeout period elapsed prior to completion of the operation or the server is not responding. ---> System.ComponentModel.Win32Exception (0x80004005): The wait operation timed out
   at System.Data.SqlClient.SqlInternalConnection.OnError(SqlException exception, Boolean breakConnection, Action`1 wrapCloseInAction)
   at System.Data.SqlClient.TdsParser.ThrowExceptionAndWarning(TdsParserStateObject stateObj, Boolean callerHasConnectionLock, Boolean asyncClose)
   at System.Data.SqlClient.TdsParserStateObject.ReadSniError(TdsParserStateObject stateObj, UInt32 error)
   at System.Data.SqlClient.TdsParserStateObject.ReadSniSyncOverAsync()
   at System.Data.SqlClient.TdsParserStateObject.TryReadNetworkPacket()
   at System.Data.SqlClient.TdsParserStateObject.TryPrepareBuffer()
   at System.Data.SqlClient.TdsParserStateObject.TryReadByte(Byte& value)
   at System.Data.SqlClient.TdsParser.TryRun(RunBehavior runBehavior, SqlCommand cmdHandler, SqlDataReader dataStream, BulkCopySimpleResultSet bulkCopyHandler, TdsParserStateObject stateObj, Boolean& dataReady)
   at System.Data.SqlClient.SqlDataReader.TryConsumeMetaData()
   at System.Data.SqlClient.SqlDataReader.get_MetaData()
   at System.Data.SqlClient.SqlCommand.FinishExecuteReader(SqlDataReader ds, RunBehavior runBehavior, String resetOptionsString, Boolean isInternal, Boolean forDescribeParameterEncryption, Boolean shouldCacheForAlwaysEncrypted)
   at System.Data.SqlClient.SqlCommand.RunExecuteReaderTds(CommandBehavior cmdBehavior, RunBehavior runBehavior, Boolean returnStream, Boolean async, Int32 timeout, Task& task, Boolean asyncWrite, Boolean inRetry, SqlDataReader ds, Boolean describeParameterEncryptionRequest)
   at System.Data.SqlClient.SqlCommand.RunExecuteReader(CommandBehavior cmdBehavior, RunBehavior runBehavior, Boolean returnStream, String method, TaskCompletionSource`1 completion, Int32 timeout, Task& task, Boolean& usedCache, Boolean asyncWrite, Boolean inRetry)
   at System.Data.SqlClient.SqlCommand.RunExecuteReader(CommandBehavior cmdBehavior, RunBehavior runBehavior, Boolean returnStream, String method)
   at System.Data.SqlClient.SqlCommand.ExecuteReader(CommandBehavior behavior, String method)
   at System.Data.SqlClient.SqlCommand.ExecuteDbDataReader(CommandBehavior behavior)
   at System.Data.Common.DbCommand.System.Data.IDbCommand.ExecuteReader(CommandBehavior behavior)
   at System.Data.Common.DbDataAdapter.FillInternal(DataSet dataset, DataTable[] datatables, Int32 startRecord, Int32 maxRecords, String srcTable, IDbCommand command, CommandBehavior behavior)
   at System.Data.Common.DbDataAdapter.Fill(DataTable[] dataTables, Int32 startRecord, Int32 maxRecords, IDbCommand command, CommandBehavior behavior)
   at System.Data.Common.DbDataAdapter.Fill(DataTable dataTable)
   at resources_doctree.GetData(String query) in h:\Ankita\28-12-2019 CDF Latest\CDF-Dashboard2017\resources\doctree.aspx.cs:line 86
ClientConnectionId:d6164d68-8c1b-42a9-8c9b-195ca9c7d0b8
Error Number:-2,State:0,Class:11 
 
2020-01-02 10:29:37,128 [17] ERROR resources_doctree - PopulateTreeView -67 
 System.NullReferenceException: Object reference not set to an instance of an object.
   at resources_doctree.PopulateTreeView(DataTable dtParent, Int32 parentId, TreeNode treeNode) in h:\Ankita\28-12-2019 CDF Latest\CDF-Dashboard2017\resources\doctree.aspx.cs:line 52 
 
2020-01-02 15:01:33,968 [72] ERROR pre_payment_page1 - Page_Load -93 
 System.Data.SqlClient.SqlException (0x80131904): A transport-level error has occurred when receiving results from the server. (provider: Session Provider, error: 19 - Physical connection is not usable)
   at System.Data.SqlClient.SqlConnection.OnError(SqlException exception, Boolean breakConnection, Action`1 wrapCloseInAction)
   at System.Data.SqlClient.SqlInternalConnection.OnError(SqlException exception, Boolean breakConnection, Action`1 wrapCloseInAction)
   at System.Data.SqlClient.TdsParser.ThrowExceptionAndWarning(TdsParserStateObject stateObj, Boolean callerHasConnectionLock, Boolean asyncClose)
   at System.Data.SqlClient.TdsParserStateObject.ReadSniError(TdsParserStateObject stateObj, UInt32 error)
   at System.Data.SqlClient.TdsParserStateObject.ReadSniSyncOverAsync()
   at System.Data.SqlClient.TdsParserStateObject.TryReadNetworkPacket()
   at System.Data.SqlClient.TdsParserStateObject.TryPrepareBuffer()
   at System.Data.SqlClient.TdsParserStateObject.TryReadByte(Byte& value)
   at System.Data.SqlClient.TdsParser.TryRun(RunBehavior runBehavior, SqlCommand cmdHandler, SqlDataReader dataStream, BulkCopySimpleResultSet bulkCopyHandler, TdsParserStateObject stateObj, Boolean& dataReady)
   at System.Data.SqlClient.SqlDataReader.TryConsumeMetaData()
   at System.Data.SqlClient.SqlDataReader.get_MetaData()
   at System.Data.SqlClient.SqlCommand.FinishExecuteReader(SqlDataReader ds, RunBehavior runBehavior, String resetOptionsString, Boolean isInternal, Boolean forDescribeParameterEncryption, Boolean shouldCacheForAlwaysEncrypted)
   at System.Data.SqlClient.SqlCommand.RunExecuteReaderTds(CommandBehavior cmdBehavior, RunBehavior runBehavior, Boolean returnStream, Boolean async, Int32 timeout, Task& task, Boolean asyncWrite, Boolean inRetry, SqlDataReader ds, Boolean describeParameterEncryptionRequest)
   at System.Data.SqlClient.SqlCommand.RunExecuteReader(CommandBehavior cmdBehavior, RunBehavior runBehavior, Boolean returnStream, String method, TaskCompletionSource`1 completion, Int32 timeout, Task& task, Boolean& usedCache, Boolean asyncWrite, Boolean inRetry)
   at System.Data.SqlClient.SqlCommand.RunExecuteReader(CommandBehavior cmdBehavior, RunBehavior runBehavior, Boolean returnStream, String method)
   at System.Data.SqlClient.SqlCommand.ExecuteReader(CommandBehavior behavior, String method)
   at System.Data.SqlClient.SqlCommand.ExecuteReader()
   at pre_payment_page1.Page_Load(Object sender, EventArgs e) in h:\Ankita\CDF-Dashboard-31-12-2019\pre\payment-page1.aspx.cs:line 32
ClientConnectionId:f97d12e3-b98b-40fe-bfbd-dbcddc661e54
Error Number:-1,State:0,Class:20 
 
2020-01-02 17:33:17,276 [96] ERROR candidatedetails - Page_Load -539 
 System.Data.SqlClient.SqlException (0x80131904): Invalid column name 'cdfLevel'.
   at db_context.BindDropDownlist(String StrQuery, DropDownList& ddl) in h:\Ankita\CDF-Dashboard-31-12-2019\App_Code\db_context.cs:line 617
   at candidatedetails.Page_Load(Object sender, EventArgs e) in h:\Ankita\CDF-Dashboard-31-12-2019\Admin\candidate-details.aspx.cs:line 420
ClientConnectionId:2c64c61e-e3ce-48d5-9fe9-9a68495ae5c8
Error Number:207,State:1,Class:16 
 
2020-01-02 17:34:23,048 [56] ERROR candidatedetails - Page_Load -539 
 System.Data.SqlClient.SqlException (0x80131904): Invalid column name 'cdfLevel'.
   at db_context.BindDropDownlist(String StrQuery, DropDownList& ddl) in h:\Ankita\CDF-Dashboard-31-12-2019\App_Code\db_context.cs:line 617
   at candidatedetails.Page_Load(Object sender, EventArgs e) in h:\Ankita\CDF-Dashboard-31-12-2019\Admin\candidate-details.aspx.cs:line 420
ClientConnectionId:2c64c61e-e3ce-48d5-9fe9-9a68495ae5c8
Error Number:207,State:1,Class:16 
 
2020-01-02 17:35:31,496 [96] ERROR candidatedetails - Page_Load -539 
 System.Data.SqlClient.SqlException (0x80131904): Invalid column name 'cdfLevel'.
   at db_context.BindDropDownlist(String StrQuery, DropDownList& ddl) in h:\Ankita\CDF-Dashboard-31-12-2019\App_Code\db_context.cs:line 617
   at candidatedetails.Page_Load(Object sender, EventArgs e) in h:\Ankita\CDF-Dashboard-31-12-2019\Admin\candidate-details.aspx.cs:line 420
ClientConnectionId:2c64c61e-e3ce-48d5-9fe9-9a68495ae5c8
Error Number:207,State:1,Class:16 
 
2020-01-02 17:59:14,359 [5] ERROR candidatedetails - Page_Load -539 
 System.Data.SqlClient.SqlException (0x80131904): Invalid column name 'cdfLevel'.
   at db_context.BindDropDownlist(String StrQuery, DropDownList& ddl) in h:\Ankita\CDF-Dashboard-31-12-2019\App_Code\db_context.cs:line 617
   at candidatedetails.Page_Load(Object sender, EventArgs e) in h:\Ankita\CDF-Dashboard-31-12-2019\Admin\candidate-details.aspx.cs:line 420
ClientConnectionId:55a0ebc0-81e8-47ae-95f1-b6f9aadc1018
Error Number:207,State:1,Class:16 
 
