2020-01-03 10:41:34,839 [11] ERROR candidatedetails - Page_Load -539 
 System.Data.SqlClient.SqlException (0x80131904): Invalid column name 'cdfLevel'.
   at db_context.BindDropDownlist(String StrQuery, DropDownList& ddl) in h:\Ankita\CDF-Dashboard-31-12-2019\App_Code\db_context.cs:line 617
   at candidatedetails.Page_Load(Object sender, EventArgs e) in h:\Ankita\CDF-Dashboard-31-12-2019\Admin\candidate-details.aspx.cs:line 420
ClientConnectionId:00ee34dd-001d-4c76-895d-c44a0926dedb
Error Number:207,State:1,Class:16 
 
2020-01-03 10:41:41,531 [5] ERROR candidatedetails - Page_Load -539 
 System.Data.SqlClient.SqlException (0x80131904): Invalid column name 'cdfLevel'.
   at db_context.BindDropDownlist(String StrQuery, DropDownList& ddl) in h:\Ankita\CDF-Dashboard-31-12-2019\App_Code\db_context.cs:line 617
   at candidatedetails.Page_Load(Object sender, EventArgs e) in h:\Ankita\CDF-Dashboard-31-12-2019\Admin\candidate-details.aspx.cs:line 420
ClientConnectionId:00ee34dd-001d-4c76-895d-c44a0926dedb
Error Number:207,State:1,Class:16 
 
2020-01-03 10:45:55,959 [11] ERROR candidatedetails - Page_Load -539 
 System.Data.SqlClient.SqlException (0x80131904): Invalid column name 'cdfLevel'.
   at db_context.BindDropDownlist(String StrQuery, DropDownList& ddl) in h:\Ankita\CDF-Dashboard-31-12-2019\App_Code\db_context.cs:line 617
   at candidatedetails.Page_Load(Object sender, EventArgs e) in h:\Ankita\CDF-Dashboard-31-12-2019\Admin\candidate-details.aspx.cs:line 420
ClientConnectionId:00ee34dd-001d-4c76-895d-c44a0926dedb
Error Number:207,State:1,Class:16 
 
2020-01-03 11:00:46,623 [7] ERROR candidatedetails - Page_Load -539 
 System.Data.SqlClient.SqlException (0x80131904): Invalid column name 'cdfLevel'.
   at db_context.BindDropDownlist(String StrQuery, DropDownList& ddl) in h:\Ankita\CDF-Dashboard-31-12-2019\App_Code\db_context.cs:line 617
   at candidatedetails.Page_Load(Object sender, EventArgs e) in h:\Ankita\CDF-Dashboard-31-12-2019\Admin\candidate-details.aspx.cs:line 420
ClientConnectionId:5c12e424-5201-4f3d-ad68-2bba0fa60a0f
Error Number:207,State:1,Class:16 
 
2020-01-03 11:03:45,749 [7] ERROR Admin_training_batch - Page_Load -42 
 System.Data.SqlClient.SqlException (0x80131904): Invalid object name 'tblCDFLevel'.
   at db_context.BindDropDownlist(String StrQuery, DropDownList& ddl) in h:\Ankita\CDF-Dashboard-31-12-2019\App_Code\db_context.cs:line 617
   at Admin_training_batch.Page_Load(Object sender, EventArgs e) in h:\Ankita\CDF-Dashboard-31-12-2019\Admin\training-batch.aspx.cs:line 34
ClientConnectionId:5c12e424-5201-4f3d-ad68-2bba0fa60a0f
Error Number:208,State:1,Class:16 
 
2020-01-03 11:03:46,076 [7] ERROR Admin_training_batch - Page_Load -57 
 System.Web.HttpException (0x80004005): A field or property with the name 'cdflevel' was not found on the selected data source.
   at System.Web.UI.WebControls.BoundField.TryGetSimplePropertyValue(Object dataItem, Object& data)
   at System.Web.UI.WebControls.BoundField.GetValue(Control controlContainer)
   at System.Web.UI.WebControls.BoundField.OnDataBindField(Object sender, EventArgs e)
   at System.Web.UI.Control.OnDataBinding(EventArgs e)
   at System.Web.UI.Control.DataBind(Boolean raiseOnDataBinding)
   at System.Web.UI.Control.DataBind()
   at System.Web.UI.Control.DataBindChildren()
   at System.Web.UI.Control.DataBind(Boolean raiseOnDataBinding)
   at System.Web.UI.Control.DataBind()
   at System.Web.UI.WebControls.GridView.CreateRow(Int32 rowIndex, Int32 dataSourceIndex, DataControlRowType rowType, DataControlRowState rowState, Boolean dataBind, Object dataItem, DataControlField[] fields, TableRowCollection rows, PagedDataSource pagedDataSource)
   at System.Web.UI.WebControls.GridView.CreateChildControls(IEnumerable dataSource, Boolean dataBinding)
   at System.Web.UI.WebControls.CompositeDataBoundControl.PerformDataBinding(IEnumerable data)
   at System.Web.UI.WebControls.GridView.PerformDataBinding(IEnumerable data)
   at System.Web.UI.WebControls.DataBoundControl.OnDataSourceViewSelectCallback(IEnumerable data)
   at System.Web.UI.DataSourceView.Select(DataSourceSelectArguments arguments, DataSourceViewSelectCallback callback)
   at System.Web.UI.WebControls.DataBoundControl.PerformSelect()
   at System.Web.UI.WebControls.BaseDataBoundControl.DataBind()
   at System.Web.UI.WebControls.GridView.DataBind()
   at Admin_training_batch.Page_Load(Object sender, EventArgs e) in h:\Ankita\CDF-Dashboard-31-12-2019\Admin\training-batch.aspx.cs:line 52 
 
2020-01-03 14:18:15,019 [71] ERROR pre_payment_page1 - Page_Load -93 
 System.Data.SqlClient.SqlException (0x80131904): A transport-level error has occurred when receiving results from the server. (provider: Session Provider, error: 19 - Physical connection is not usable)
   at System.Data.SqlClient.SqlConnection.OnError(SqlException exception, Boolean breakConnection, Action`1 wrapCloseInAction)
   at System.Data.SqlClient.SqlInternalConnection.OnError(SqlException exception, Boolean breakConnection, Action`1 wrapCloseInAction)
   at System.Data.SqlClient.TdsParser.ThrowExceptionAndWarning(TdsParserStateObject stateObj, Boolean callerHasConnectionLock, Boolean asyncClose)
   at System.Data.SqlClient.TdsParserStateObject.ReadSniError(TdsParserStateObject stateObj, UInt32 error)
   at System.Data.SqlClient.TdsParserStateObject.ReadSniSyncOverAsync()
   at System.Data.SqlClient.TdsParserStateObject.TryReadNetworkPacket()
   at System.Data.SqlClient.TdsParserStateObject.TryPrepareBuffer()
   at System.Data.SqlClient.TdsParserStateObject.TryReadByte(Byte& value)
   at System.Data.SqlClient.TdsParser.TryRun(RunBehavior runBehavior, SqlCommand cmdHandler, SqlDataReader dataStream, BulkCopySimpleResultSet bulkCopyHandler, TdsParserStateObject stateObj, Boolean& dataReady)
   at System.Data.SqlClient.SqlDataReader.TryConsumeMetaData()
   at System.Data.SqlClient.SqlDataReader.get_MetaData()
   at System.Data.SqlClient.SqlCommand.FinishExecuteReader(SqlDataReader ds, RunBehavior runBehavior, String resetOptionsString, Boolean isInternal, Boolean forDescribeParameterEncryption, Boolean shouldCacheForAlwaysEncrypted)
   at System.Data.SqlClient.SqlCommand.RunExecuteReaderTds(CommandBehavior cmdBehavior, RunBehavior runBehavior, Boolean returnStream, Boolean async, Int32 timeout, Task& task, Boolean asyncWrite, Boolean inRetry, SqlDataReader ds, Boolean describeParameterEncryptionRequest)
   at System.Data.SqlClient.SqlCommand.RunExecuteReader(CommandBehavior cmdBehavior, RunBehavior runBehavior, Boolean returnStream, String method, TaskCompletionSource`1 completion, Int32 timeout, Task& task, Boolean& usedCache, Boolean asyncWrite, Boolean inRetry)
   at System.Data.SqlClient.SqlCommand.RunExecuteReader(CommandBehavior cmdBehavior, RunBehavior runBehavior, Boolean returnStream, String method)
   at System.Data.SqlClient.SqlCommand.ExecuteReader(CommandBehavior behavior, String method)
   at System.Data.SqlClient.SqlCommand.ExecuteDbDataReader(CommandBehavior behavior)
   at System.Data.Common.DbCommand.System.Data.IDbCommand.ExecuteReader(CommandBehavior behavior)
   at System.Data.Common.DbDataAdapter.FillInternal(DataSet dataset, DataTable[] datatables, Int32 startRecord, Int32 maxRecords, String srcTable, IDbCommand command, CommandBehavior behavior)
   at System.Data.Common.DbDataAdapter.Fill(DataSet dataSet, Int32 startRecord, Int32 maxRecords, String srcTable, IDbCommand command, CommandBehavior behavior)
   at System.Data.Common.DbDataAdapter.Fill(DataSet dataSet)
   at pre_payment_page1.Full_with_Discount() in h:\Ankita\CDF-Dashboard-31-12-2019\pre\payment-page1.aspx.cs:line 107
   at pre_payment_page1.Page_Load(Object sender, EventArgs e) in h:\Ankita\CDF-Dashboard-31-12-2019\pre\payment-page1.aspx.cs:line 45
ClientConnectionId:abddee21-9ed3-46a9-863a-b0f0e7a4a6bb
Error Number:-1,State:0,Class:20 
 
